0 info it worked if it ends with ok
1 verbose cli [ '/usr/local/Cellar/node/7.0.0/bin/node',
1 verbose cli   '/usr/local/bin/npm',
1 verbose cli   'run',
1 verbose cli   'cdn' ]
2 info using npm@3.10.8
3 info using node@v7.0.0
4 verbose run-script [ 'precdn', 'cdn', 'postcdn' ]
5 info lifecycle es6@1.0.0~precdn: es6@1.0.0
6 silly lifecycle es6@1.0.0~precdn: no script for precdn, continuing
7 info lifecycle es6@1.0.0~cdn: es6@1.0.0
8 verbose lifecycle es6@1.0.0~cdn: unsafe-perm in lifecycle true
9 verbose lifecycle es6@1.0.0~cdn: PATH: /usr/local/lib/node_modules/npm/bin/node-gyp-bin:/Users/Administrateur/Documents/simplon/cours/Novembre/281116/js-power/node_modules/.bin:/usr/local/Cellar/node/7.0.0/bin:/usr/local/bin:/usr/bin:/bin:/usr/sbin:/sbin
10 verbose lifecycle es6@1.0.0~cdn: CWD: /Users/Administrateur/Documents/simplon/cours/Novembre/281116/js-power
11 silly lifecycle es6@1.0.0~cdn: Args: [ '-c',
11 silly lifecycle   'http-server --cors -c-1 -p 7000 --proxy http://127.0.0.1:7000/?q= ./build' ]
12 info lifecycle es6@1.0.0~cdn: Failed to exec cdn script
13 verbose stack Error: es6@1.0.0 cdn: `http-server --cors -c-1 -p 7000 --proxy http://127.0.0.1:7000/?q= ./build`
13 verbose stack spawn ENOENT
13 verbose stack     at ChildProcess.<anonymous> (/usr/local/lib/node_modules/npm/lib/utils/spawn.js:33:16)
13 verbose stack     at emitTwo (events.js:106:13)
13 verbose stack     at ChildProcess.emit (events.js:191:7)
13 verbose stack     at maybeClose (internal/child_process.js:877:16)
13 verbose stack     at Process.ChildProcess._handle.onexit (internal/child_process.js:226:5)
14 verbose pkgid es6@1.0.0
15 verbose cwd /Users/Administrateur/Documents/simplon/cours/Novembre/281116/js-power
16 error Darwin 15.5.0
17 error argv "/usr/local/Cellar/node/7.0.0/bin/node" "/usr/local/bin/npm" "run" "cdn"
18 error node v7.0.0
19 error npm  v3.10.8
20 error file sh
21 error code ELIFECYCLE
22 error errno ENOENT
23 error syscall spawn
24 error es6@1.0.0 cdn: `http-server --cors -c-1 -p 7000 --proxy http://127.0.0.1:7000/?q= ./build`
24 error spawn ENOENT
25 error Failed at the es6@1.0.0 cdn script 'http-server --cors -c-1 -p 7000 --proxy http://127.0.0.1:7000/?q= ./build'.
25 error Make sure you have the latest version of node.js and npm installed.
25 error If you do, this is most likely a problem with the es6 package,
25 error not with npm itself.
25 error Tell the author that this fails on your system:
25 error     http-server --cors -c-1 -p 7000 --proxy http://127.0.0.1:7000/?q= ./build
25 error You can get information on how to open an issue for this project with:
25 error     npm bugs es6
25 error Or if that isn't available, you can get their info via:
25 error     npm owner ls es6
25 error There is likely additional logging output above.
26 verbose exit [ 1, true ]
